#
# A fatal error has been detected by the Java Runtime Environment:
#
#  SIGSEGV (0xb) at pc=0x000000010af148b5, pid=1816, tid=0x0000000000000307
#
# JRE version: Java(TM) SE Runtime Environment (8.0_121-b13) (build 1.8.0_121-b13)
# Java VM: Java HotSpot(TM) 64-Bit Server VM (25.121-b13 mixed mode bsd-amd64 compressed oops)
# Problematic frame:
# V  [libjvm.dylib+0x3148b5]
#
# Failed to write core dump. Core dumps have been disabled. To enable core dumping, try "ulimit -c unlimited" before starting Java again
#
# If you would like to submit a bug report, please visit:
#   http://bugreport.java.com/bugreport/crash.jsp
#

---------------  T H R E A D  ---------------

Current thread (0x00007ff7dac04800):  JavaThread "AppKit Thread" daemon [_thread_in_vm, id=775, stack(0x00007fff550bb000,0x00007fff558bb000)]

siginfo: si_signo: 11 (SIGSEGV), si_code: 1 (SEGV_MAPERR), si_addr: 0x0000000000000000

Registers:
RAX=0x000000010b4e6e24, RBX=0x0000000000000000, RCX=0x000000010b422370, RDX=0x0000000000000000
RSP=0x00007fff558b5ac0, RBP=0x00007fff558b5b10, RSI=0x0000000000000000, RDI=0x00007ff7dac049f8
R8 =0x00007ff7dbb7708c, R9 =0x00000000000310c8, R10=0x00521d0100521d80, R11=0x00007fff975ea949
R12=0x0000000000000098, R13=0x00007ff7dbb7c060, R14=0x00007ff7dac049f8, R15=0x00007ff7dac04800
RIP=0x000000010af148b5, EFLAGS=0x0000000000010202, ERR=0x0000000000000004
  TRAPNO=0x000000000000000e

Top of Stack: (sp=0x00007fff558b5ac0)
0x00007fff558b5ac0:   00007ff7d6c1a890 00007ff7dac04800
0x00007fff558b5ad0:   0000000000000000 00007ff7dba1e840
0x00007fff558b5ae0:   403c000000000000 00007ff7dac04800
0x00007fff558b5af0:   00007ff7dac04800 00007ff7dac049f8
0x00007fff558b5b00:   00007ff7dbb7c060 00007ff7d6ee9d90
0x00007fff558b5b10:   00007fff558b5b70 000000012caa866a
0x00007fff558b5b20:   00007ff7d6c1a890 00007ff7d6c1a9e0
0x00007fff558b5b30:   00007ff7d6c1adf0 00007ff7dba1e840
0x00007fff558b5b40:   00000615027c87f6 00007ff7dbb756b0
0x00007fff558b5b50:   fffffffbffffffff 00007ff7dbb7c060
0x00007fff558b5b60:   00007ff7d6ee9d90 0000000200000000
0x00007fff558b5b70:   00007fff558b5fd0 00007fff97d0fd95
0x00007fff558b5b80:   00007fff558b5c50 ffff800829255880
0x00007fff558b5b90:   0000000000000000 0000000000000000
0x00007fff558b5ba0:   0000000000000980 ffff800824483fa0
0x00007fff558b5bb0:   00007ff7dbb7c060 00007fffb7ede480
0x00007fff558b5bc0:   00007ff7d6ee6cb0 00007fffae796243
0x00007fff558b5bd0:   00007fffb7edee00 00007ff7dbb7c060
0x00007fff558b5be0:   00000000558b5c20 ffff800824483fa0
0x00007fff558b5bf0:   00007ff7dac09010 00007ff7d6ee6cb0
0x00007fff558b5c00:   00007fffae78e040 00007fffae78e040
0x00007fff558b5c10:   00007fffb43415c0 00007fffb4341288
0x00007fff558b5c20:   00007fff558b5c50 00007fff975acd67
0x00007fff558b5c30:   0000000000000000 00000000000000f8
0x00007fff558b5c40:   00007ff7d6daa780 00007ff7d6ee6cb0
0x00007fff558b5c50:   00007fff558b5fd0 00007fff97d13e28
0x00007fff558b5c60:   408a980000000000 0000000000000000
0x00007fff558b5c70:   00007ff7d6ee6cb0 0000000000000000
0x00007fff558b5c80:   0030000000000000 00007fffb408ed00
0x00007fff558b5c90:   00007fffb4902a60 00007fffb408ed00
0x00007fff558b5ca0:   0000000000000000 0000000000000000
0x00007fff558b5cb0:   00007fff558b5d50 00007fff99a7aa2c 

Instructions: (pc=0x000000010af148b5)
0x000000010af14895:   74 09 48 8d 7d b8 e8 2e 41 1a 00 4c 89 f7 48 89
0x000000010af148a5:   de 90 0f 1f 40 00 48 8d 05 72 25 5d 00 80 38 00
0x000000010af148b5:   48 8b 03 74 15 48 8d 15 df 91 52 00 8a 4a 08 8b
0x000000010af148c5:   40 08 48 d3 e0 48 03 02 eb 04 48 8b 40 08 48 8b 

Register to memory mapping:

RAX=0x000000010b4e6e24: UseCompressedClassPointers+0 in /Library/Java/JavaVirtualMachines/jdk1.8.0_121.jdk/Contents/Home/jre/lib/server/libjvm.dylib at 0x000000010ac00000
RBX=0x0000000000000000 is an unknown value
RCX=0x000000010b422370: UseMembar+0 in /Library/Java/JavaVirtualMachines/jdk1.8.0_121.jdk/Contents/Home/jre/lib/server/libjvm.dylib at 0x000000010ac00000
RDX=0x0000000000000000 is an unknown value
RSP=0x00007fff558b5ac0 is pointing into the stack for thread: 0x00007ff7dac04800
RBP=0x00007fff558b5b10 is pointing into the stack for thread: 0x00007ff7dac04800
RSI=0x0000000000000000 is an unknown value
RDI=0x00007ff7dac049f8 is an unknown value
R8 =0x00007ff7dbb7708c is an unknown value
R9 =0x00000000000310c8 is an unknown value
R10=0x00521d0100521d80 is an unknown value
R11=0x00007fff975ea949: -[NSEvent timestamp]+0 in /System/Library/Frameworks/AppKit.framework/Versions/C/AppKit at 0x00007fff973d2000
R12=0x0000000000000098 is an unknown value
R13=0x00007ff7dbb7c060 is an unknown value
R14=0x00007ff7dac049f8 is an unknown value
R15=0x00007ff7dac04800 is a thread


Stack: [0x00007fff550bb000,0x00007fff558bb000],  sp=0x00007fff558b5ac0,  free space=8170k
Native frames: (J=compiled Java code, j=interpreted, Vv=VM code, C=native code)
V  [libjvm.dylib+0x3148b5]
C  [liblwjgl.dylib+0xa66a]  -[MacOSXOpenGLView scrollWheel:]+0x7a
C  [AppKit+0x93dd95]  -[NSWindow(NSEventRouting) _reallySendEvent:isDelayedEvent:]+0x1a4f
C  [AppKit+0x93bf7a]  -[NSWindow(NSEventRouting) sendEvent:]+0x21d
C  [AppKit+0x7c0b02]  -[NSApplication(NSEvent) sendEvent:]+0x88a
C  [libosxapp.dylib+0x232c]  -[NSApplicationAWT sendEvent:]+0x17a
C  [AppKit+0x3b7f7]  -[NSApplication run]+0x3ea
C  [libosxapp.dylib+0x214d]  +[NSApplicationAWT runAWTLoopWithApp:]+0x9c
C  [libawt_lwawt.dylib+0x45ff7]  -[AWTStarter starter:]+0x389
C  [Foundation+0x7184a]  __NSThreadPerformPerform+0x146
C  [CoreFoundation+0xa73c1]  __CFRUNLOOP_IS_CALLING_OUT_TO_A_SOURCE0_PERFORM_FUNCTION__+0x11
C  [CoreFoundation+0x882cd]  __CFRunLoopDoSources0+0x22d
C  [CoreFoundation+0x877c6]  __CFRunLoopRun+0x3a6
C  [CoreFoundation+0x871c4]  CFRunLoopRunSpecific+0x1a4
C  [java+0x6465]  CreateExecutionEnvironment+0x367
C  [java+0x218c]  JLI_Launch+0x7a0
C  [java+0x84c2]  main+0x65
C  [java+0x19e4]  start+0x34
C  0x0000000000000008


---------------  P R O C E S S  ---------------

Java Threads: ( => current thread )
  0x00007ff7dc962800 JavaThread "AWT-Shutdown" [_thread_blocked, id=29479, stack(0x000070000b00b000,0x000070000b10b000)]
  0x00007ff7daad4000 JavaThread "Timer hack thread" daemon [_thread_blocked, id=34567, stack(0x000070000b10e000,0x000070000b20e000)]
  0x00007ff7daad4800 JavaThread "Snooper Timer" daemon [_thread_blocked, id=47663, stack(0x000070000b297000,0x000070000b397000)]
=>0x00007ff7dac04800 JavaThread "AppKit Thread" daemon [_thread_in_vm, id=775, stack(0x00007fff550bb000,0x00007fff558bb000)]
  0x00007ff7d8874000 JavaThread "Service Thread" daemon [_thread_blocked, id=18691, stack(0x000070000ad82000,0x000070000ae82000)]
  0x00007ff7d8013000 JavaThread "C1 CompilerThread2" daemon [_thread_blocked, id=18179, stack(0x000070000ac7f000,0x000070000ad7f000)]
  0x00007ff7d702c800 JavaThread "C2 CompilerThread1" daemon [_thread_in_native, id=17667, stack(0x000070000ab7c000,0x000070000ac7c000)]
  0x00007ff7d8853800 JavaThread "C2 CompilerThread0" daemon [_thread_in_native, id=17155, stack(0x000070000aa79000,0x000070000ab79000)]
  0x00007ff7d8852800 JavaThread "Signal Dispatcher" daemon [_thread_blocked, id=16643, stack(0x000070000a976000,0x000070000aa76000)]
  0x00007ff7d8002000 JavaThread "Finalizer" daemon [_thread_blocked, id=12291, stack(0x000070000a7f0000,0x000070000a8f0000)]
  0x00007ff7d701c000 JavaThread "Reference Handler" daemon [_thread_blocked, id=11779, stack(0x000070000a6ed000,0x000070000a7ed000)]
  0x00007ff7d700f800 JavaThread "Client thread" [_thread_in_Java, id=6915, stack(0x000070000a0db000,0x000070000a1db000)]

Other Threads:
  0x00007ff7d7811000 VMThread [stack: 0x000070000a5ea000,0x000070000a6ea000] [id=11267]
  0x00007ff7d702d800 WatcherThread [stack: 0x000070000ae85000,0x000070000af85000] [id=19203]

VM state:not at safepoint (normal execution)

VM Mutex/Monitor currently owned by a thread: None

Heap:
 PSYoungGen      total 1223168K, used 490383K [0x000000076ab00000, 0x00000007c0000000, 0x00000007c0000000)
  eden space 1048576K, 46% used [0x000000076ab00000,0x00000007889e3f78,0x00000007aab00000)
  from space 174592K, 0% used [0x00000007aab00000,0x00000007aab00000,0x00000007b5580000)
  to   space 174592K, 0% used [0x00000007b5580000,0x00000007b5580000,0x00000007c0000000)
 ParOldGen       total 2796544K, used 67997K [0x00000006c0000000, 0x000000076ab00000, 0x000000076ab00000)
  object space 2796544K, 2% used [0x00000006c0000000,0x00000006c4267518,0x000000076ab00000)
 Metaspace       used 26058K, capacity 26276K, committed 26496K, reserved 1073152K
  class space    used 3557K, capacity 3654K, committed 3712K, reserved 1048576K

Card table byte_map: [0x000000010bf97000,0x000000010c798000] byte_map_base: 0x0000000108997000

Marking Bits: (ParMarkBitMap*) 0x000000010b4f0d30
 Begin Bits: [0x000000010ccee000, 0x0000000110cee000)
 End Bits:   [0x0000000110cee000, 0x0000000114cee000)

Polling page: 0x000000010a3d2000

CodeCache: size=245760Kb used=9837Kb max_used=10096Kb free=235922Kb
 bounds [0x000000011578b000, 0x000000011618b000, 0x000000012478b000]
 total_blobs=3039 nmethods=2555 adapters=396
 compilation: enabled

Compilation events (10 events):
Event: 20.406 Thread 0x00007ff7d8013000 2954       2       net.minecraft.util.IntHashMap::getSlotIndex (6 bytes)
Event: 20.406 Thread 0x00007ff7d8013000 nmethod 2954 0x0000000115c03850 code [0x0000000115c039a0, 0x0000000115c03ad0]
Event: 20.407 Thread 0x00007ff7d8013000 2955       1       org.apache.logging.log4j.core.appender.AbstractAppender::getLayout (5 bytes)
Event: 20.407 Thread 0x00007ff7d8013000 nmethod 2955 0x0000000115e22610 code [0x0000000115e22760, 0x0000000115e22870]
Event: 20.428 Thread 0x00007ff7d8013000 2957       2       java.security.BasicPermission::init (132 bytes)
Event: 20.429 Thread 0x00007ff7d8013000 nmethod 2957 0x0000000115e214d0 code [0x0000000115e216a0, 0x0000000115e21bd8]
Event: 20.445 Thread 0x00007ff7d8853800 nmethod 2684 0x000000011614b090 code [0x000000011614b8c0, 0x0000000116150be0]
Event: 20.445 Thread 0x00007ff7d8853800 2956   !   4       sun.misc.URLClassPath$JarLoader::getResource (85 bytes)
Event: 20.477 Thread 0x00007ff7d8853800 nmethod 2956 0x0000000115ac9810 code [0x0000000115ac9a80, 0x0000000115aca7f0]
Event: 20.477 Thread 0x00007ff7d8853800 1960       4       java.io.FilePermission::init (228 bytes)

GC Heap History (10 events):
Event: 5.968 GC heap before
{Heap before GC invocations=1 (full 0):
 PSYoungGen      total 1223168K, used 62922K [0x000000076ab00000, 0x00000007c0000000, 0x00000007c0000000)
  eden space 1048576K, 6% used [0x000000076ab00000,0x000000076e872958,0x00000007aab00000)
  from space 174592K, 0% used [0x00000007b5580000,0x00000007b5580000,0x00000007c0000000)
  to   space 174592K, 0% used [0x00000007aab00000,0x00000007aab00000,0x00000007b5580000)
 ParOldGen       total 2796544K, used 0K [0x00000006c0000000, 0x000000076ab00000, 0x000000076ab00000)
  object space 2796544K, 0% used [0x00000006c0000000,0x00000006c0000000,0x000000076ab00000)
 Metaspace       used 9693K, capacity 9808K, committed 9984K, reserved 1058816K
  class space    used 1150K, capacity 1170K, committed 1280K, reserved 1048576K
Event: 5.974 GC heap after
Heap after GC invocations=1 (full 0):
 PSYoungGen      total 1223168K, used 5096K [0x000000076ab00000, 0x00000007c0000000, 0x00000007c0000000)
  eden space 1048576K, 0% used [0x000000076ab00000,0x000000076ab00000,0x00000007aab00000)
  from space 174592K, 2% used [0x00000007aab00000,0x00000007aaffa250,0x00000007b5580000)
  to   space 174592K, 0% used [0x00000007b5580000,0x00000007b5580000,0x00000007c0000000)
 ParOldGen       total 2796544K, used 80K [0x00000006c0000000, 0x000000076ab00000, 0x000000076ab00000)
  object space 2796544K, 0% used [0x00000006c0000000,0x00000006c0014010,0x000000076ab00000)
 Metaspace       used 9693K, capacity 9808K, committed 9984K, reserved 1058816K
  class space    used 1150K, capacity 1170K, committed 1280K, reserved 1048576K
}
Event: 5.974 GC heap before
{Heap before GC invocations=2 (full 1):
 PSYoungGen      total 1223168K, used 5096K [0x000000076ab00000, 0x00000007c0000000, 0x00000007c0000000)
  eden space 1048576K, 0% used [0x000000076ab00000,0x000000076ab00000,0x00000007aab00000)
  from space 174592K, 2% used [0x00000007aab00000,0x00000007aaffa250,0x00000007b5580000)
  to   space 174592K, 0% used [0x00000007b5580000,0x00000007b5580000,0x00000007c0000000)
 ParOldGen       total 2796544K, used 80K [0x00000006c0000000, 0x000000076ab00000, 0x000000076ab00000)
  object space 2796544K, 0% used [0x00000006c0000000,0x00000006c0014010,0x000000076ab00000)
 Metaspace       used 9693K, capacity 9808K, committed 9984K, reserved 1058816K
  class space    used 1150K, capacity 1170K, committed 1280K, reserved 1048576K
Event: 5.990 GC heap after
Heap after GC invocations=2 (full 1):
 PSYoungGen      total 1223168K, used 0K [0x000000076ab00000, 0x00000007c0000000, 0x00000007c0000000)
  eden space 1048576K, 0% used [0x000000076ab00000,0x000000076ab00000,0x00000007aab00000)
  from space 174592K, 0% used [0x00000007aab00000,0x00000007aab00000,0x00000007b5580000)
  to   space 174592K, 0% used [0x00000007b5580000,0x00000007b5580000,0x00000007c0000000)
 ParOldGen       total 2796544K, used 4863K [0x00000006c0000000, 0x000000076ab00000, 0x000000076ab00000)
  object space 2796544K, 0% used [0x00000006c0000000,0x00000006c04bffa8,0x000000076ab00000)
 Metaspace       used 9693K, capacity 9808K, committed 9984K, reserved 1058816K
  class space    used 1150K, capacity 1170K, committed 1280K, reserved 1048576K
}
Event: 16.885 GC heap before
{Heap before GC invocations=3 (full 1):
 PSYoungGen      total 1223168K, used 1048576K [0x000000076ab00000, 0x00000007c0000000, 0x00000007c0000000)
  eden space 1048576K, 100% used [0x000000076ab00000,0x00000007aab00000,0x00000007aab00000)
  from space 174592K, 0% used [0x00000007aab00000,0x00000007aab00000,0x00000007b5580000)
  to   space 174592K, 0% used [0x00000007b5580000,0x00000007b5580000,0x00000007c0000000)
 ParOldGen       total 2796544K, used 4863K [0x00000006c0000000, 0x000000076ab00000, 0x000000076ab00000)
  object space 2796544K, 0% used [0x00000006c0000000,0x00000006c04bffa8,0x000000076ab00000)
 Metaspace       used 19413K, capacity 19620K, committed 19968K, reserved 1067008K
  class space    used 2347K, capacity 2438K, committed 2560K, reserved 1048576K
Event: 16.976 GC heap after
Heap after GC invocations=3 (full 1):
 PSYoungGen      total 1223168K, used 77915K [0x000000076ab00000, 0x00000007c0000000, 0x00000007c0000000)
  eden space 1048576K, 0% used [0x000000076ab00000,0x000000076ab00000,0x00000007aab00000)
  from space 174592K, 44% used [0x00000007b5580000,0x00000007ba196fb0,0x00000007c0000000)
  to   space 174592K, 0% used [0x00000007aab00000,0x00000007aab00000,0x00000007b5580000)
 ParOldGen       total 2796544K, used 4871K [0x00000006c0000000, 0x000000076ab00000, 0x000000076ab00000)
  object space 2796544K, 0% used [0x00000006c0000000,0x00000006c04c1fa8,0x000000076ab00000)
 Metaspace       used 19413K, capacity 19620K, committed 19968K, reserved 1067008K
  class space    used 2347K, capacity 2438K, committed 2560K, reserved 1048576K
}
Event: 18.293 GC heap before
{Heap before GC invocations=4 (full 1):
 PSYoungGen      total 1223168K, used 339220K [0x000000076ab00000, 0x00000007c0000000, 0x00000007c0000000)
  eden space 1048576K, 24% used [0x000000076ab00000,0x000000077aa2e2a0,0x00000007aab00000)
  from space 174592K, 44% used [0x00000007b5580000,0x00000007ba196fb0,0x00000007c0000000)
  to   space 174592K, 0% used [0x00000007aab00000,0x00000007aab00000,0x00000007b5580000)
 ParOldGen       total 2796544K, used 4871K [0x00000006c0000000, 0x000000076ab00000, 0x000000076ab00000)
  object space 2796544K, 0% used [0x00000006c0000000,0x00000006c04c1fa8,0x000000076ab00000)
 Metaspace       used 20821K, capacity 21092K, committed 21248K, reserved 1067008K
  class space    used 2647K, capacity 2758K, committed 2816K, reserved 1048576K
Event: 18.361 GC heap after
Heap after GC invocations=4 (full 1):
 PSYoungGen      total 1223168K, used 67174K [0x000000076ab00000, 0x00000007c0000000, 0x00000007c0000000)
  eden space 1048576K, 0% used [0x000000076ab00000,0x000000076ab00000,0x00000007aab00000)
  from space 174592K, 38% used [0x00000007aab00000,0x00000007aec99830,0x00000007b5580000)
  to   space 174592K, 0% used [0x00000007b5580000,0x00000007b5580000,0x00000007c0000000)
 ParOldGen       total 2796544K, used 4879K [0x00000006c0000000, 0x000000076ab00000, 0x000000076ab00000)
  object space 2796544K, 0% used [0x00000006c0000000,0x00000006c04c3fa8,0x000000076ab00000)
 Metaspace       used 20821K, capacity 21092K, committed 21248K, reserved 1067008K
  class space    used 2647K, capacity 2758K, committed 2816K, reserved 1048576K
}
Event: 18.361 GC heap before
{Heap before GC invocations=5 (full 2):
 PSYoungGen      total 1223168K, used 67174K [0x000000076ab00000, 0x00000007c0000000, 0x00000007c0000000)
  eden space 1048576K, 0% used [0x000000076ab00000,0x000000076ab00000,0x00000007aab00000)
  from space 174592K, 38% used [0x00000007aab00000,0x00000007aec99830,0x00000007b5580000)
  to   space 174592K, 0% used [0x00000007b5580000,0x00000007b5580000,0x00000007c0000000)
 ParOldGen       total 2796544K, used 4879K [0x00000006c0000000, 0x000000076ab00000, 0x000000076ab00000)
  object space 2796544K, 0% used [0x00000006c0000000,0x00000006c04c3fa8,0x000000076ab00000)
 Metaspace       used 20821K, capacity 21092K, committed 21248K, reserved 1067008K
  class space    used 2647K, capacity 2758K, committed 2816K, reserved 1048576K
Event: 18.602 GC heap after
Heap after GC invocations=5 (full 2):
 PSYoungGen      total 1223168K, used 0K [0x000000076ab00000, 0x00000007c0000000, 0x00000007c0000000)
  eden space 1048576K, 0% used [0x000000076ab00000,0x000000076ab00000,0x00000007aab00000)
  from space 174592K, 0% used [0x00000007aab00000,0x00000007aab00000,0x00000007b5580000)
  to   space 174592K, 0% used [0x00000007b5580000,0x00000007b5580000,0x00000007c0000000)
 ParOldGen       total 2796544K, used 67997K [0x00000006c0000000, 0x000000076ab00000, 0x000000076ab00000)
  object space 2796544K, 2% used [0x00000006c0000000,0x00000006c4267518,0x000000076ab00000)
 Metaspace       used 20821K, capacity 21092K, committed 21248K, reserved 1067008K
  class space    used 2647K, capacity 2758K, committed 2816K, reserved 1048576K
}

Deoptimization events (10 events):
Event: 17.216 Thread 0x00007ff7d700f800 Uncommon trap: reason=class_check action=maybe_recompile pc=0x00000001158c7b1c method=java.util.AbstractMap.equals(Ljava/lang/Object;)Z @ 28
Event: 17.216 Thread 0x00007ff7d700f800 Uncommon trap: reason=class_check action=maybe_recompile pc=0x00000001158c7b1c method=java.util.AbstractMap.equals(Ljava/lang/Object;)Z @ 28
Event: 17.299 Thread 0x00007ff7d700f800 Uncommon trap: reason=unstable_if action=reinterpret pc=0x0000000115951520 method=java.util.LinkedHashMap.entrySet()Ljava/util/Set; @ 6
Event: 17.490 Thread 0x00007ff7d700f800 Uncommon trap: reason=unstable_if action=reinterpret pc=0x00000001160d3654 method=java.util.HashMap.putVal(ILjava/lang/Object;Ljava/lang/Object;ZZ)Ljava/lang/Object; @ 162
Event: 17.490 Thread 0x00007ff7d700f800 Uncommon trap: reason=unstable_if action=reinterpret pc=0x0000000115bb5e38 method=java.util.HashMap.resize()[Ljava/util/HashMap$Node; @ 206
Event: 18.816 Thread 0x00007ff7d700f800 Uncommon trap: reason=unstable_if action=reinterpret pc=0x000000011613b560 method=org.objectweb.asm.ClassReader.readFrame(IZZLorg/objectweb/asm/Context;)I @ 140
Event: 19.477 Thread 0x00007ff7d700f800 Uncommon trap: reason=predicate action=maybe_recompile pc=0x0000000115e9845c method=org.objectweb.asm.ClassReader.readField(Lorg/objectweb/asm/ClassVisitor;Lorg/objectweb/asm/Context;I)I @ 434
Event: 19.493 Thread 0x00007ff7d700f800 Uncommon trap: reason=unstable_if action=reinterpret pc=0x000000011617f084 method=org.objectweb.asm.Type.getArgumentsAndReturnSizes(Ljava/lang/String;)I @ 100
Event: 19.495 Thread 0x00007ff7d700f800 Uncommon trap: reason=unstable_if action=reinterpret pc=0x0000000115f84bb4 method=org.objectweb.asm.Type.getArgumentsAndReturnSizes(Ljava/lang/String;)I @ 100
Event: 20.401 Thread 0x00007ff7d700f800 Uncommon trap: reason=unstable_if action=reinterpret pc=0x0000000115b3e9e0 method=com.google.common.base.Splitter$SplittingIterator.computeNext()Ljava/lang/String; @ 193

Internal exceptions (10 events):
Event: 20.370 Thread 0x00007ff7d700f800 Implicit null exception at 0x0000000115b55734 to 0x0000000115b569c6
Event: 20.370 Thread 0x00007ff7d700f800 Exception <a 'java/lang/NullPointerException'> (0x0000000786a015c0) thrown at [/Users/java_re/workspace/8-2-build-macosx-x86_64/jdk8u121/8372/hotspot/src/share/vm/runtime/sharedRuntime.cpp, line 605]
Event: 20.376 Thread 0x00007ff7d700f800 Implicit null exception at 0x0000000115b55734 to 0x0000000115b569c6
Event: 20.376 Thread 0x00007ff7d700f800 Exception <a 'java/lang/NullPointerException'> (0x0000000786b77fa0) thrown at [/Users/java_re/workspace/8-2-build-macosx-x86_64/jdk8u121/8372/hotspot/src/share/vm/runtime/sharedRuntime.cpp, line 605]
Event: 20.379 Thread 0x00007ff7d700f800 Implicit null exception at 0x0000000115b55734 to 0x0000000115b569c6
Event: 20.379 Thread 0x00007ff7d700f800 Exception <a 'java/lang/NullPointerException'> (0x0000000786be9890) thrown at [/Users/java_re/workspace/8-2-build-macosx-x86_64/jdk8u121/8372/hotspot/src/share/vm/runtime/sharedRuntime.cpp, line 605]
Event: 20.390 Thread 0x00007ff7d700f800 Implicit null exception at 0x0000000115b55734 to 0x0000000115b569c6
Event: 20.390 Thread 0x00007ff7d700f800 Exception <a 'java/lang/NullPointerException'> (0x0000000786def208) thrown at [/Users/java_re/workspace/8-2-build-macosx-x86_64/jdk8u121/8372/hotspot/src/share/vm/runtime/sharedRuntime.cpp, line 605]
Event: 20.398 Thread 0x00007ff7d700f800 Implicit null exception at 0x0000000115b55734 to 0x0000000115b569c6
Event: 20.398 Thread 0x00007ff7d700f800 Exception <a 'java/lang/NullPointerException'> (0x0000000786f3b8f0) thrown at [/Users/java_re/workspace/8-2-build-macosx-x86_64/jdk8u121/8372/hotspot/src/share/vm/runtime/sharedRuntime.cpp, line 605]

Events (10 events):
Event: 20.474 loading class java/nio/StringCharBuffer
Event: 20.474 loading class java/nio/StringCharBuffer done
Event: 20.474 Executing VM operation: Deoptimize
Event: 20.474 Executing VM operation: Deoptimize done
Event: 20.475 loading class org/lwjgl/input/Mouse
Event: 20.475 loading class org/lwjgl/input/Mouse done
Event: 20.477 loading class org/lwjgl/input/Mouse$1
Event: 20.477 loading class org/lwjgl/input/Mouse$1 done
Event: 20.482 loading class org/lwjgl/input/OpenGLPackageAccess
Event: 20.482 loading class org/lwjgl/input/OpenGLPackageAccess done


Dynamic libraries:
0x0000000024521000 	/System/Library/Frameworks/Cocoa.framework/Versions/A/Cocoa
0x0000000024521000 	/System/Library/Frameworks/Security.framework/Versions/A/Security
0x0000000024521000 	/System/Library/Frameworks/ApplicationServices.framework/Versions/A/ApplicationServices
0x0000000024521000 	/usr/lib/libz.1.dylib
0x0000000024521000 	/usr/lib/libSystem.B.dylib
0x0000000024521000 	/usr/lib/libobjc.A.dylib
0x0000000024521000 	/System/Library/Frameworks/CoreFoundation.framework/Versions/A/CoreFoundation
0x0000000024521000 	/System/Library/Frameworks/Foundation.framework/Versions/C/Foundation
0x0000000024521000 	/System/Library/Frameworks/AppKit.framework/Versions/C/AppKit
0x0000000024521000 	/System/Library/Frameworks/CoreData.framework/Versions/A/CoreData
0x0000000024521000 	/System/Library/PrivateFrameworks/RemoteViewServices.framework/Versions/A/RemoteViewServices
0x0000000024521000 	/System/Library/PrivateFrameworks/UIFoundation.framework/Versions/A/UIFoundation
0x0000000024521000 	/System/Library/PrivateFrameworks/DFRFoundation.framework/Versions/A/DFRFoundation
0x0000000024521000 	/usr/lib/libenergytrace.dylib
0x0000000024521000 	/System/Library/PrivateFrameworks/SkyLight.framework/Versions/A/SkyLight
0x0000000024521000 	/System/Library/Frameworks/CoreGraphics.framework/Versions/A/CoreGraphics
0x0000000024521000 	/usr/lib/libScreenReader.dylib
0x0000000024521000 	/System/Library/Frameworks/Accelerate.framework/Versions/A/Accelerate
0x0000000024521000 	/System/Library/Frameworks/IOSurface.framework/Versions/A/IOSurface
0x0000000024521000 	/System/Library/Frameworks/AudioToolbox.framework/Versions/A/AudioToolbox
0x0000000024521000 	/System/Library/Frameworks/AudioUnit.framework/Versions/A/AudioUnit
0x0000000024521000 	/System/Library/PrivateFrameworks/DataDetectorsCore.framework/Versions/A/DataDetectorsCore
0x0000000024521000 	/System/Library/PrivateFrameworks/DesktopServicesPriv.framework/Versions/A/DesktopServicesPriv
0x0000000024521000 	/System/Library/Frameworks/Carbon.framework/Versions/A/Frameworks/HIToolbox.framework/Versions/A/HIToolbox
0x0000000024521000 	/usr/lib/libicucore.A.dylib
0x0000000024521000 	/System/Library/Frameworks/QuartzCore.framework/Versions/A/QuartzCore
0x0000000024521000 	/System/Library/Frameworks/Carbon.framework/Versions/A/Frameworks/SpeechRecognition.framework/Versions/A/SpeechRecognition
0x0000000024521000 	/usr/lib/libauto.dylib
0x0000000024521000 	/usr/lib/libxml2.2.dylib
0x0000000024521000 	/System/Library/PrivateFrameworks/CoreUI.framework/Versions/A/CoreUI
0x0000000024521000 	/System/Library/Frameworks/CoreAudio.framework/Versions/A/CoreAudio
0x0000000024521000 	/System/Library/Frameworks/DiskArbitration.framework/Versions/A/DiskArbitration
0x0000000024521000 	/usr/lib/liblangid.dylib
0x0000000024521000 	/System/Library/PrivateFrameworks/MultitouchSupport.framework/Versions/A/MultitouchSupport
0x0000000024521000 	/System/Library/Frameworks/IOKit.framework/Versions/A/IOKit
0x0000000024521000 	/usr/lib/libDiagnosticMessagesClient.dylib
0x0000000024521000 	/System/Library/Frameworks/CoreServices.framework/Versions/A/CoreServices
0x0000000024521000 	/System/Library/PrivateFrameworks/PerformanceAnalysis.framework/Versions/A/PerformanceAnalysis
0x0000000024521000 	/System/Library/PrivateFrameworks/GenerationalStorage.framework/Versions/A/GenerationalStorage
0x0000000024521000 	/System/Library/Frameworks/OpenGL.framework/Versions/A/OpenGL
0x0000000024521000 	/System/Library/Frameworks/CoreImage.framework/Versions/A/CoreImage
0x0000000024521000 	/System/Library/Frameworks/CoreText.framework/Versions/A/CoreText
0x0000000024521000 	/System/Library/Frameworks/ImageIO.framework/Versions/A/ImageIO
0x0000000024521000 	/System/Library/PrivateFrameworks/Backup.framework/Versions/A/Backup
0x0000000024521000 	/usr/lib/libarchive.2.dylib
0x0000000024521000 	/System/Library/Frameworks/CFNetwork.framework/Versions/A/CFNetwork
0x0000000024521000 	/System/Library/Frameworks/SystemConfiguration.framework/Versions/A/SystemConfiguration
0x0000000024521000 	/usr/lib/libCRFSuite.dylib
0x0000000024521000 	/usr/lib/libc++.1.dylib
0x0000000024521000 	/usr/lib/libc++abi.dylib
0x0000000024521000 	/usr/lib/system/libcache.dylib
0x0000000024521000 	/usr/lib/system/libcommonCrypto.dylib
0x0000000024521000 	/usr/lib/system/libcompiler_rt.dylib
0x0000000024521000 	/usr/lib/system/libcopyfile.dylib
0x0000000024521000 	/usr/lib/system/libcorecrypto.dylib
0x0000000024521000 	/usr/lib/system/libdispatch.dylib
0x0000000024521000 	/usr/lib/system/libdyld.dylib
0x0000000024521000 	/usr/lib/system/libkeymgr.dylib
0x0000000024521000 	/usr/lib/system/liblaunch.dylib
0x0000000024521000 	/usr/lib/system/libmacho.dylib
0x0000000024521000 	/usr/lib/system/libquarantine.dylib
0x0000000024521000 	/usr/lib/system/libremovefile.dylib
0x0000000024521000 	/usr/lib/system/libsystem_asl.dylib
0x0000000024521000 	/usr/lib/system/libsystem_blocks.dylib
0x0000000024521000 	/usr/lib/system/libsystem_c.dylib
0x0000000024521000 	/usr/lib/system/libsystem_configuration.dylib
0x0000000024521000 	/usr/lib/system/libsystem_coreservices.dylib
0x0000000024521000 	/usr/lib/system/libsystem_coretls.dylib
0x0000000024521000 	/usr/lib/system/libsystem_dnssd.dylib
0x0000000024521000 	/usr/lib/system/libsystem_info.dylib
0x0000000024521000 	/usr/lib/system/libsystem_kernel.dylib
0x0000000024521000 	/usr/lib/system/libsystem_m.dylib
0x0000000024521000 	/usr/lib/system/libsystem_malloc.dylib
0x0000000024521000 	/usr/lib/system/libsystem_network.dylib
0x0000000024521000 	/usr/lib/system/libsystem_networkextension.dylib
0x0000000024521000 	/usr/lib/system/libsystem_notify.dylib
0x0000000024521000 	/usr/lib/system/libsystem_platform.dylib
0x0000000024521000 	/usr/lib/system/libsystem_pthread.dylib
0x0000000024521000 	/usr/lib/system/libsystem_sandbox.dylib
0x0000000024521000 	/usr/lib/system/libsystem_secinit.dylib
0x0000000024521000 	/usr/lib/system/libsystem_symptoms.dylib
0x0000000024521000 	/usr/lib/system/libsystem_trace.dylib
0x0000000024521000 	/usr/lib/system/libunwind.dylib
0x0000000024521000 	/usr/lib/system/libxpc.dylib
0x0000000024521000 	/usr/lib/libbsm.0.dylib
0x0000000024521000 	/usr/lib/system/libkxld.dylib
0x0000000024521000 	/usr/lib/libcoretls.dylib
0x0000000024521000 	/usr/lib/libcoretls_cfhelpers.dylib
0x0000000024521000 	/usr/lib/libOpenScriptingUtil.dylib
0x0000000024521000 	/usr/lib/libpam.2.dylib
0x0000000024521000 	/usr/lib/libsqlite3.dylib
0x0000000024521000 	/usr/lib/libxar.1.dylib
0x0000000024521000 	/usr/lib/libbz2.1.0.dylib
0x0000000024521000 	/usr/lib/liblzma.5.dylib
0x0000000024521000 	/usr/lib/libnetwork.dylib
0x0000000024521000 	/usr/lib/libpcap.A.dylib
0x0000000024521000 	/System/Library/Frameworks/CoreServices.framework/Versions/A/Frameworks/FSEvents.framework/Versions/A/FSEvents
0x0000000024521000 	/System/Library/Frameworks/CoreServices.framework/Versions/A/Frameworks/CarbonCore.framework/Versions/A/CarbonCore
0x0000000024521000 	/System/Library/Frameworks/CoreServices.framework/Versions/A/Frameworks/Metadata.framework/Versions/A/Metadata
0x0000000024521000 	/System/Library/Frameworks/CoreServices.framework/Versions/A/Frameworks/OSServices.framework/Versions/A/OSServices
0x0000000024521000 	/System/Library/Frameworks/CoreServices.framework/Versions/A/Frameworks/SearchKit.framework/Versions/A/SearchKit
0x0000000024521000 	/System/Library/Frameworks/CoreServices.framework/Versions/A/Frameworks/AE.framework/Versions/A/AE
0x0000000024521000 	/System/Library/Frameworks/CoreServices.framework/Versions/A/Frameworks/LaunchServices.framework/Versions/A/LaunchServices
0x0000000024521000 	/System/Library/Frameworks/CoreServices.framework/Versions/A/Frameworks/DictionaryServices.framework/Versions/A/DictionaryServices
0x0000000024521000 	/System/Library/Frameworks/CoreServices.framework/Versions/A/Frameworks/SharedFileList.framework/Versions/A/SharedFileList
0x0000000024521000 	/System/Library/Frameworks/NetFS.framework/Versions/A/NetFS
0x0000000024521000 	/System/Library/PrivateFrameworks/NetAuth.framework/Versions/A/NetAuth
0x0000000024521000 	/System/Library/PrivateFrameworks/login.framework/Versions/A/Frameworks/loginsupport.framework/Versions/A/loginsupport
0x0000000024521000 	/System/Library/PrivateFrameworks/TCC.framework/Versions/A/TCC
0x0000000024521000 	/usr/lib/libmecabra.dylib
0x0000000024521000 	/System/Library/Frameworks/ApplicationServices.framework/Versions/A/Frameworks/ATS.framework/Versions/A/ATS
0x0000000024521000 	/System/Library/Frameworks/ApplicationServices.framework/Versions/A/Frameworks/ColorSync.framework/Versions/A/ColorSync
0x0000000024521000 	/System/Library/Frameworks/ApplicationServices.framework/Versions/A/Frameworks/HIServices.framework/Versions/A/HIServices
0x0000000024521000 	/System/Library/Frameworks/ApplicationServices.framework/Versions/A/Frameworks/LangAnalysis.framework/Versions/A/LangAnalysis
0x0000000024521000 	/System/Library/Frameworks/ApplicationServices.framework/Versions/A/Frameworks/PrintCore.framework/Versions/A/PrintCore
0x0000000024521000 	/System/Library/Frameworks/ApplicationServices.framework/Versions/A/Frameworks/QD.framework/Versions/A/QD
0x0000000024521000 	/System/Library/Frameworks/ApplicationServices.framework/Versions/A/Frameworks/SpeechSynthesis.framework/Versions/A/SpeechSynthesis
0x0000000024521000 	/System/Library/Frameworks/Accelerate.framework/Versions/A/Frameworks/vImage.framework/Versions/A/vImage
0x0000000024521000 	/System/Library/Frameworks/Accelerate.framework/Versions/A/Frameworks/vecLib.framework/Versions/A/vecLib
0x0000000024521000 	/System/Library/Frameworks/Accelerate.framework/Versions/A/Frameworks/vecLib.framework/Versions/A/libvDSP.dylib
0x0000000024521000 	/System/Library/Frameworks/Accelerate.framework/Versions/A/Frameworks/vecLib.framework/Versions/A/libBNNS.dylib
0x0000000024521000 	/System/Library/Frameworks/Accelerate.framework/Versions/A/Frameworks/vecLib.framework/Versions/A/libQuadrature.dylib
0x0000000024521000 	/System/Library/Frameworks/Accelerate.framework/Versions/A/Frameworks/vecLib.framework/Versions/A/libvMisc.dylib
0x0000000024521000 	/System/Library/Frameworks/Accelerate.framework/Versions/A/Frameworks/vecLib.framework/Versions/A/libLAPACK.dylib
0x0000000024521000 	/System/Library/Frameworks/Accelerate.framework/Versions/A/Frameworks/vecLib.framework/Versions/A/libBLAS.dylib
0x0000000024521000 	/System/Library/Frameworks/Accelerate.framework/Versions/A/Frameworks/vecLib.framework/Versions/A/libLinearAlgebra.dylib
0x0000000024521000 	/System/Library/Frameworks/Accelerate.framework/Versions/A/Frameworks/vecLib.framework/Versions/A/libSparseBLAS.dylib
0x0000000024521000 	/System/Library/Frameworks/ApplicationServices.framework/Versions/A/Frameworks/ATS.framework/Versions/A/Resources/libFontParser.dylib
0x0000000024521000 	/System/Library/Frameworks/ApplicationServices.framework/Versions/A/Frameworks/ATS.framework/Versions/A/Resources/libFontRegistry.dylib
0x0000000024521000 	/System/Library/Frameworks/ImageIO.framework/Versions/A/Resources/libJPEG.dylib
0x0000000024521000 	/System/Library/Frameworks/ImageIO.framework/Versions/A/Resources/libTIFF.dylib
0x0000000024521000 	/System/Library/Frameworks/ImageIO.framework/Versions/A/Resources/libPng.dylib
0x0000000024521000 	/System/Library/Frameworks/ImageIO.framework/Versions/A/Resources/libGIF.dylib
0x0000000024521000 	/System/Library/Frameworks/ImageIO.framework/Versions/A/Resources/libJP2.dylib
0x0000000024521000 	/System/Library/Frameworks/ImageIO.framework/Versions/A/Resources/libRadiance.dylib
0x0000000024521000 	/usr/lib/libcompression.dylib
0x0000000024521000 	/System/Library/PrivateFrameworks/AppleJPEG.framework/Versions/A/AppleJPEG
0x0000000024521000 	/usr/lib/libcups.2.dylib
0x0000000024521000 	/System/Library/Frameworks/Kerberos.framework/Versions/A/Kerberos
0x0000000024521000 	/System/Library/Frameworks/GSS.framework/Versions/A/GSS
0x0000000024521000 	/usr/lib/libresolv.9.dylib
0x0000000024521000 	/usr/lib/libiconv.2.dylib
0x0000000024521000 	/System/Library/PrivateFrameworks/Heimdal.framework/Versions/A/Heimdal
0x0000000024521000 	/usr/lib/libheimdal-asn1.dylib
0x0000000024521000 	/System/Library/Frameworks/OpenDirectory.framework/Versions/A/OpenDirectory
0x0000000024521000 	/System/Library/PrivateFrameworks/CommonAuth.framework/Versions/A/CommonAuth
0x0000000024521000 	/System/Library/Frameworks/OpenDirectory.framework/Versions/A/Frameworks/CFOpenDirectory.framework/Versions/A/CFOpenDirectory
0x0000000024521000 	/System/Library/Frameworks/SecurityFoundation.framework/Versions/A/SecurityFoundation
0x0000000024521000 	/System/Library/PrivateFrameworks/LanguageModeling.framework/Versions/A/LanguageModeling
0x0000000024521000 	/usr/lib/libmarisa.dylib
0x0000000024521000 	/usr/lib/libChineseTokenizer.dylib
0x0000000024521000 	/usr/lib/libcmph.dylib
0x0000000024521000 	/System/Library/PrivateFrameworks/CoreEmoji.framework/Versions/A/CoreEmoji
0x0000000024521000 	/System/Library/Frameworks/ServiceManagement.framework/Versions/A/ServiceManagement
0x0000000024521000 	/usr/lib/libxslt.1.dylib
0x0000000024521000 	/System/Library/Frameworks/Carbon.framework/Versions/A/Frameworks/Ink.framework/Versions/A/Ink
0x0000000024521000 	/System/Library/PrivateFrameworks/TextureIO.framework/Versions/A/TextureIO
0x0000000024521000 	/System/Library/Frameworks/Metal.framework/Versions/A/Metal
0x0000000024521000 	/usr/lib/libate.dylib
0x0000000024521000 	/System/Library/PrivateFrameworks/GPUCompiler.framework/libmetal_timestamp.dylib
0x0000000024521000 	/System/Library/Frameworks/OpenGL.framework/Versions/A/Libraries/libCoreFSCache.dylib
0x0000000024521000 	/System/Library/PrivateFrameworks/IOAccelerator.framework/Versions/A/IOAccelerator
0x0000000024521000 	/System/Library/Frameworks/CoreVideo.framework/Versions/A/CoreVideo
0x0000000024521000 	/usr/lib/libFosl_dynamic.dylib
0x0000000024521000 	/System/Library/PrivateFrameworks/MetalPerformanceShaders.framework/Versions/A/MetalPerformanceShaders
0x0000000024521000 	/System/Library/PrivateFrameworks/FaceCore.framework/Versions/A/FaceCore
0x0000000024521000 	/System/Library/Frameworks/OpenCL.framework/Versions/A/OpenCL
0x0000000024521000 	/System/Library/Frameworks/OpenGL.framework/Versions/A/Libraries/libGLU.dylib
0x0000000024521000 	/System/Library/Frameworks/OpenGL.framework/Versions/A/Libraries/libGFXShared.dylib
0x0000000024521000 	/System/Library/Frameworks/OpenGL.framework/Versions/A/Libraries/libGL.dylib
0x0000000024521000 	/System/Library/Frameworks/OpenGL.framework/Versions/A/Libraries/libGLImage.dylib
0x0000000024521000 	/System/Library/Frameworks/OpenGL.framework/Versions/A/Libraries/libCVMSPluginSupport.dylib
0x0000000024521000 	/System/Library/Frameworks/OpenGL.framework/Versions/A/Libraries/libCoreVMClient.dylib
0x0000000024521000 	/System/Library/PrivateFrameworks/CrashReporterSupport.framework/Versions/A/CrashReporterSupport
0x0000000024521000 	/System/Library/PrivateFrameworks/Sharing.framework/Versions/A/Sharing
0x0000000024521000 	/System/Library/PrivateFrameworks/IconServices.framework/Versions/A/IconServices
0x0000000024521000 	/System/Library/PrivateFrameworks/ProtocolBuffer.framework/Versions/A/ProtocolBuffer
0x0000000024521000 	/System/Library/PrivateFrameworks/Apple80211.framework/Versions/A/Apple80211
0x0000000024521000 	/System/Library/Frameworks/CoreWLAN.framework/Versions/A/CoreWLAN
0x0000000024521000 	/System/Library/PrivateFrameworks/CoreUtils.framework/Versions/A/CoreUtils
0x0000000024521000 	/System/Library/Frameworks/IOBluetooth.framework/Versions/A/IOBluetooth
0x0000000024521000 	/System/Library/PrivateFrameworks/CoreWiFi.framework/Versions/A/CoreWiFi
0x0000000024521000 	/System/Library/Frameworks/CoreBluetooth.framework/Versions/A/CoreBluetooth
0x0000000024521000 	/System/Library/Frameworks/CoreDisplay.framework/Versions/A/CoreDisplay
0x0000000024521000 	/System/Library/PrivateFrameworks/IOPresentment.framework/Versions/A/IOPresentment
0x0000000024521000 	/System/Library/PrivateFrameworks/DSExternalDisplay.framework/Versions/A/DSExternalDisplay
0x0000000024521000 	/System/Library/PrivateFrameworks/DebugSymbols.framework/Versions/A/DebugSymbols
0x0000000024521000 	/System/Library/PrivateFrameworks/CoreSymbolication.framework/Versions/A/CoreSymbolication
0x0000000024521000 	/System/Library/PrivateFrameworks/Symbolication.framework/Versions/A/Symbolication
0x0000000024521000 	/System/Library/PrivateFrameworks/AppleFSCompression.framework/Versions/A/AppleFSCompression
0x0000000024521000 	/System/Library/PrivateFrameworks/SpeechRecognitionCore.framework/Versions/A/SpeechRecognitionCore
0x0000000024521000 	/System/Library/PrivateFrameworks/ChunkingLibrary.framework/Versions/A/ChunkingLibrary
0x000000010ac00000 	/Library/Java/JavaVirtualMachines/jdk1.8.0_121.jdk/Contents/Home/jre/lib/server/libjvm.dylib
0x0000000024521000 	/usr/lib/libstdc++.6.dylib
0x000000010a3c4000 	/Library/Java/JavaVirtualMachines/jdk1.8.0_121.jdk/Contents/Home/jre/lib/libverify.dylib
0x000000010bba2000 	/Library/Java/JavaVirtualMachines/jdk1.8.0_121.jdk/Contents/Home/jre/lib/libjava.dylib
0x000000010a3dc000 	/Library/Java/JavaVirtualMachines/jdk1.8.0_121.jdk/Contents/Home/jre/lib/libzip.dylib
0x000000010a3e6000 	/System/Library/Frameworks/JavaVM.framework/Frameworks/JavaRuntimeSupport.framework/JavaRuntimeSupport
0x00000001156e8000 	/System/Library/Frameworks/JavaVM.framework/Versions/A/Frameworks/JavaNativeFoundation.framework/Versions/A/JavaNativeFoundation
0x00000001260b0000 	/System/Library/Frameworks/JavaVM.framework/Versions/A/JavaVM
0x0000000024521000 	/System/Library/Frameworks/Carbon.framework/Versions/A/Carbon
0x00000001260bd000 	/System/Library/PrivateFrameworks/JavaLaunching.framework/Versions/A/JavaLaunching
0x0000000024521000 	/System/Library/Frameworks/Carbon.framework/Versions/A/Frameworks/CommonPanels.framework/Versions/A/CommonPanels
0x0000000024521000 	/System/Library/Frameworks/Carbon.framework/Versions/A/Frameworks/Help.framework/Versions/A/Help
0x0000000024521000 	/System/Library/Frameworks/Carbon.framework/Versions/A/Frameworks/ImageCapture.framework/Versions/A/ImageCapture
0x0000000024521000 	/System/Library/Frameworks/Carbon.framework/Versions/A/Frameworks/OpenScripting.framework/Versions/A/OpenScripting
0x0000000024521000 	/System/Library/Frameworks/Carbon.framework/Versions/A/Frameworks/Print.framework/Versions/A/Print
0x0000000024521000 	/System/Library/Frameworks/Carbon.framework/Versions/A/Frameworks/SecurityHI.framework/Versions/A/SecurityHI
0x0000000127de8000 	/Library/Java/JavaVirtualMachines/jdk1.8.0_121.jdk/Contents/Home/jre/lib/libmanagement.dylib
0x0000000127df6000 	/Library/Java/JavaVirtualMachines/jdk1.8.0_121.jdk/Contents/Home/jre/lib/libnet.dylib
0x0000000127e55000 	/Library/Java/JavaVirtualMachines/jdk1.8.0_121.jdk/Contents/Home/jre/lib/libnio.dylib
0x0000000127e6a000 	/Library/Java/JavaVirtualMachines/jdk1.8.0_121.jdk/Contents/Home/jre/lib/libawt.dylib
0x000000012852e000 	/Library/Java/JavaVirtualMachines/jdk1.8.0_121.jdk/Contents/Home/jre/lib/./libmlib_image.dylib
0x00000001289d3000 	/Library/Java/JavaVirtualMachines/jdk1.8.0_121.jdk/Contents/Home/jre/lib/libawt_lwawt.dylib
0x0000000127f12000 	/Library/Java/JavaVirtualMachines/jdk1.8.0_121.jdk/Contents/Home/jre/lib/./libosxapp.dylib
0x0000000024521000 	/System/Library/Frameworks/ExceptionHandling.framework/Versions/A/ExceptionHandling
0x0000000024521000 	/System/Library/PrivateFrameworks/CoreServicesInternal.framework/Versions/A/CoreServicesInternal
0x0000000024521000 	/System/Library/CoreServices/RawCamera.bundle/Contents/MacOS/RawCamera
0x0000000127ffe000 	/System/Library/Frameworks/Accelerate.framework/Frameworks/vImage.framework/Versions/A/Libraries/libCGInterfaces.dylib
0x0000000024521000 	/System/Library/Frameworks/ApplicationServices.framework/Versions/A/Frameworks/ATS.framework/Versions/A/Resources/libTrueTypeScaler.dylib
0x000000012afe8000 	/System/Library/Frameworks/OpenGL.framework/Resources/GLEngine.bundle/GLEngine
0x0000000024521000 	/System/Library/Frameworks/OpenGL.framework/Versions/A/Libraries/libGLProgrammability.dylib
0x000000012b1cd000 	/System/Library/Extensions/AppleIntelHD5000GraphicsGLDriver.bundle/Contents/MacOS/AppleIntelHD5000GraphicsGLDriver
0x0000000024521000 	/System/Library/PrivateFrameworks/GPUSupport.framework/Versions/A/Libraries/libGPUSupportMercury.dylib
0x00000001285fa000 	/System/Library/Frameworks/OpenGL.framework/Resources//GLRendererFloat.bundle/GLRendererFloat
0x0000000024521000 	/System/Library/Frameworks/OpenCL.framework/Versions/A/Libraries/libcldcpuengine.dylib
0x0000000024521000 	/usr/lib/libcrypto.0.9.8.dylib
0x0000000024521000 	/System/Library/PrivateFrameworks/TrustEvaluationAgent.framework/Versions/A/TrustEvaluationAgent
0x0000000129649000 	/System/Library/Extensions/AppleIntelHD5000GraphicsMTLDriver.bundle/Contents/MacOS/AppleIntelHD5000GraphicsMTLDriver
0x0000000024521000 	/System/Library/PrivateFrameworks/FamilyControls.framework/Versions/A/FamilyControls
0x0000000024521000 	/System/Library/PrivateFrameworks/CommerceKit.framework/Versions/A/Frameworks/CommerceCore.framework/Versions/A/CommerceCore
0x0000000024521000 	/System/Library/PrivateFrameworks/SystemAdministration.framework/Versions/A/SystemAdministration
0x0000000024521000 	/System/Library/PrivateFrameworks/AppContainer.framework/Versions/A/AppContainer
0x0000000024521000 	/System/Library/PrivateFrameworks/SecCodeWrapper.framework/Versions/A/SecCodeWrapper
0x0000000024521000 	/System/Library/Frameworks/DirectoryService.framework/Versions/A/DirectoryService
0x0000000024521000 	/System/Library/PrivateFrameworks/DiskImages.framework/Versions/A/DiskImages
0x0000000024521000 	/System/Library/PrivateFrameworks/LoginUIKit.framework/Versions/A/Frameworks/LoginUICore.framework/Versions/A/LoginUICore
0x0000000024521000 	/usr/lib/libCoreStorage.dylib
0x0000000024521000 	/usr/lib/libcsfde.dylib
0x0000000024521000 	/usr/lib/libodfde.dylib
0x0000000024521000 	/System/Library/Frameworks/DiscRecording.framework/Versions/A/DiscRecording
0x0000000024521000 	/usr/lib/libcurl.4.dylib
0x0000000024521000 	/System/Library/PrivateFrameworks/MediaKit.framework/Versions/A/MediaKit
0x0000000024521000 	/System/Library/PrivateFrameworks/ProtectedCloudStorage.framework/Versions/A/ProtectedCloudStorage
0x0000000024521000 	/System/Library/PrivateFrameworks/EFILogin.framework/Versions/A/EFILogin
0x0000000024521000 	/usr/lib/libutil.dylib
0x0000000024521000 	/System/Library/Frameworks/LDAP.framework/Versions/A/LDAP
0x0000000024521000 	/usr/lib/libsasl2.2.dylib
0x0000000024521000 	/System/Library/PrivateFrameworks/CoreDaemon.framework/Versions/B/CoreDaemon
0x0000000024521000 	/System/Library/PrivateFrameworks/AppleSRP.framework/Versions/A/AppleSRP
0x0000000024521000 	/System/Library/PrivateFrameworks/APFS.framework/Versions/A/APFS
0x000000012ca37000 	/Library/Java/JavaVirtualMachines/jdk1.8.0_121.jdk/Contents/Home/jre/lib/libfontmanager.dylib
0x000000012ca9e000 	/Users/markwatt/.gradle/caches/minecraft/net/minecraft/natives/1.11.2/liblwjgl.dylib
0x0000000127f99000 	/Library/Java/JavaVirtualMachines/jdk1.8.0_121.jdk/Contents/Home/jre/lib/libjawt.dylib
0x0000000024521000 	/System/Library/PrivateFrameworks/ViewBridge.framework/Versions/A/ViewBridge
0x0000000024521000 	/System/Library/PrivateFrameworks/XPCService.framework/Versions/A/XPCService
0x0000000024521000 	/System/Library/PrivateFrameworks/AppSandbox.framework/Versions/A/AppSandbox
0x0000000024521000 	/usr/lib/libsandbox.1.dylib
0x0000000024521000 	/usr/lib/libMatch.1.dylib

VM Arguments:
jvm_args: -Xmx4G -Xms4G -Dfml.ignoreInvalidMinecraftCertificates=true -Dfile.encoding=UTF-8 
java_command: GradleStart
java_class_path (initial): /Users/markwatt/git/Dissertation Dev/MDKExample/bin:/Users/markwatt/.gradle/caches/minecraft/net/minecraftforge/forge/1.11.2-13.20.0.2228/snapshot/20161220/forgeSrc-1.11.2-13.20.0.2228.jar:/Users/markwatt/.gradle/caches/modules-2/files-2.1/com.google.code.findbugs/jsr305/3.0.1/f7be08ec23c21485b9b5a1cf1654c2ec8c58168d/jsr305-3.0.1.jar:/Users/markwatt/.gradle/caches/modules-2/files-2.1/com.mojang/netty/1.6/4b75825a06139752bd800d9e29c5fd55b8b1b1e4/netty-1.6.jar:/Users/markwatt/.gradle/caches/modules-2/files-2.1/oshi-project/oshi-core/1.1/9ddf7b048a8d701be231c0f4f95fd986198fd2d8/oshi-core-1.1.jar:/Users/markwatt/.gradle/caches/modules-2/files-2.1/net.java.dev.jna/jna/3.4.0/803ff252fedbd395baffd43b37341dc4a150a554/jna-3.4.0.jar:/Users/markwatt/.gradle/caches/modules-2/files-2.1/net.java.dev.jna/platform/3.4.0/e3f70017be8100d3d6923f50b3d2ee17714e9c13/platform-3.4.0.jar:/Users/markwatt/.gradle/caches/modules-2/files-2.1/com.ibm.icu/icu4j-core-mojang/51.2/63d216a9311cca6be337c1e458e587f99d382b84/icu4j-core-mojang-51.2.jar:/Users/markwatt/.gradle/caches/modules-2/files-2.1/net.sf.jopt-simple/jopt-simple/4.6/306816fb57cf94f108a43c95731b08934dcae15c/jopt-simple-4.6.jar:/Users/markwatt/.gradle/caches/modules-2/files-2.1/io.netty/netty-all/4.0.23.Final/294104aaf1781d6a56a07d561e792c5d0c95f45/netty-all-4.0.23.Final.jar:/Users/markwatt/.gradle/caches/modules-2/files-2.1/com.google.guava/guava/17.0/9c6ef172e8de35fd8d4d8783e4821e57cdef7445/guava-17.0.jar:/Users/markwatt/.gradle/caches/modules-2/files-2.1/org.apache.commons/commons-lang3/3.3.2/90a3822c38ec8c996e84c16a3477ef632cbc87a3/commons-lang3-3.3.2.jar:/Users/markwatt/.gradle/caches/modules-2/files-2.1/commons-io/commons-io/2.4/b1b6ea3b7e4aa4f492509a4952029cd8e48019ad/commons-io-2.4.jar:/Users/markwatt/.gradle/caches/modules-2/files-2.1/commons-codec/commons-codec/1.9/9ce04e34240f674bc72680f8b843b1457383161a/commons-codec-1.9.jar:/Users/markwatt/.gradle/caches/modules-2/files-2.1/net.java.jutils/juti
Launcher Type: SUN_STANDARD

Environment Variables:
PATH=/usr/bin:/bin:/usr/sbin:/sbin
SHELL=/bin/bash

Signal Handlers:
SIGSEGV: [libjvm.dylib+0x5b1141], sa_mask[0]=11111111011111110111111111111111, sa_flags=SA_ONSTACK|SA_RESTART|SA_SIGINFO
SIGBUS: [libjvm.dylib+0x5b1141], sa_mask[0]=11111111011111110111111111111111, sa_flags=SA_RESTART|SA_SIGINFO
SIGFPE: [libjvm.dylib+0x487bc4], sa_mask[0]=11111111011111110111111111111111, sa_flags=SA_RESTART|SA_SIGINFO
SIGPIPE: [libjvm.dylib+0x487bc4], sa_mask[0]=11111111011111110111111111111111, sa_flags=SA_RESTART|SA_SIGINFO
SIGXFSZ: [libjvm.dylib+0x487bc4], sa_mask[0]=11111111011111110111111111111111, sa_flags=SA_RESTART|SA_SIGINFO
SIGILL: [libjvm.dylib+0x487bc4], sa_mask[0]=11111111011111110111111111111111, sa_flags=SA_RESTART|SA_SIGINFO
SIGUSR1: SIG_DFL, sa_mask[0]=00000000000000000000000000000000, sa_flags=none
SIGUSR2: [libjvm.dylib+0x4876e2], sa_mask[0]=00100000000000000000000000000000, sa_flags=SA_RESTART|SA_SIGINFO
SIGHUP: [libjvm.dylib+0x485cb9], sa_mask[0]=11111111011111110111111111111111, sa_flags=SA_RESTART|SA_SIGINFO
SIGINT: [libjvm.dylib+0x485cb9], sa_mask[0]=11111111011111110111111111111111, sa_flags=SA_RESTART|SA_SIGINFO
SIGTERM: [libjvm.dylib+0x485cb9], sa_mask[0]=11111111011111110111111111111111, sa_flags=SA_RESTART|SA_SIGINFO
SIGQUIT: [libjvm.dylib+0x485cb9], sa_mask[0]=11111111011111110111111111111111, sa_flags=SA_RESTART|SA_SIGINFO


---------------  S Y S T E M  ---------------

OS:Bsduname:Darwin 16.6.0 Darwin Kernel Version 16.6.0: Mon Mar 20 21:23:04 PDT 2017; root:xnu-3789.60.12~8/RELEASE_X86_64 x86_64
rlimit: STACK 8192k, CORE 0k, NPROC 709, NOFILE 10240, AS infinity
load average:2.11 2.14 2.30

CPU:total 4 (2 cores per cpu, 2 threads per core) family 6 model 69 stepping 1, cmov, cx8, fxsr, mmx, sse, sse2, sse3, ssse3, sse4.1, sse4.2, popcnt, avx, avx2, aes, clmul, erms, lzcnt, ht, tsc, tscinvbit, bmi1, bmi2

Memory: 4k page, physical 8388608k(784736k free)

/proc/meminfo:


vm_info: Java HotSpot(TM) 64-Bit Server VM (25.121-b13) for bsd-amd64 JRE (1.8.0_121-b13), built on Dec 12 2016 20:39:32 by "java_re" with gcc 4.2.1 (Based on Apple Inc. build 5658) (LLVM build 2336.11.00)

time: Sat Apr  8 00:34:24 2017
elapsed time: 20 seconds (0d 0h 0m 20s)

