[17:08:39] [main/INFO] [GradleStart]: Extra: []
[17:08:39] [main/INFO] [GradleStart]: Running with arguments: [--tweakClass, net.minecraftforge.fml.common.launcher.FMLServerTweaker, --tweakClass, net.minecraftforge.gradle.tweakers.CoremodTweaker]
[17:08:39] [main/INFO] [LaunchWrapper]: Loading tweak class name net.minecraftforge.fml.common.launcher.FMLServerTweaker
[17:08:39] [main/INFO] [LaunchWrapper]: Using primary tweak class name net.minecraftforge.fml.common.launcher.FMLServerTweaker
[17:08:39] [main/INFO] [LaunchWrapper]: Loading tweak class name net.minecraftforge.gradle.tweakers.CoremodTweaker
[17:08:39] [main/INFO] [LaunchWrapper]: Calling tweak class net.minecraftforge.fml.common.launcher.FMLServerTweaker
[17:08:40] [main/INFO] [GradleStart]: Extra: []
[17:08:40] [main/INFO] [GradleStart]: Running with arguments: [--tweakClass, net.minecraftforge.fml.common.launcher.FMLServerTweaker, --tweakClass, net.minecraftforge.gradle.tweakers.CoremodTweaker]
[17:08:40] [main/INFO] [LaunchWrapper]: Loading tweak class name net.minecraftforge.fml.common.launcher.FMLServerTweaker
[17:08:40] [main/INFO] [LaunchWrapper]: Using primary tweak class name net.minecraftforge.fml.common.launcher.FMLServerTweaker
[17:08:40] [main/INFO] [LaunchWrapper]: Loading tweak class name net.minecraftforge.gradle.tweakers.CoremodTweaker
[17:08:40] [main/INFO] [LaunchWrapper]: Calling tweak class net.minecraftforge.fml.common.launcher.FMLServerTweaker
[17:08:42] [main/INFO] [GradleStart]: Extra: []
[17:08:42] [main/INFO] [GradleStart]: Running with arguments: [--tweakClass, net.minecraftforge.fml.common.launcher.FMLServerTweaker, --tweakClass, net.minecraftforge.gradle.tweakers.CoremodTweaker]
[17:08:43] [main/INFO] [LaunchWrapper]: Loading tweak class name net.minecraftforge.fml.common.launcher.FMLServerTweaker
[17:08:43] [main/INFO] [LaunchWrapper]: Using primary tweak class name net.minecraftforge.fml.common.launcher.FMLServerTweaker
[17:08:43] [main/INFO] [LaunchWrapper]: Loading tweak class name net.minecraftforge.gradle.tweakers.CoremodTweaker
[17:08:43] [main/INFO] [LaunchWrapper]: Calling tweak class net.minecraftforge.fml.common.launcher.FMLServerTweaker
[17:10:29] [main/INFO] [GradleStart]: Extra: []
[17:10:29] [main/INFO] [GradleStart]: Running with arguments: [--userProperties, {}, --assetsDir, /Users/markwatt/.gradle/caches/minecraft/assets, --assetIndex, 1.11, --accessToken{REDACTED}, --version, 1.11.2, --tweakClass, net.minecraftforge.fml.common.launcher.FMLTweaker, --tweakClass, net.minecraftforge.gradle.tweakers.CoremodTweaker]
[17:10:30] [main/INFO] [LaunchWrapper]: Loading tweak class name net.minecraftforge.fml.common.launcher.FMLTweaker
[17:10:30] [main/INFO] [LaunchWrapper]: Using primary tweak class name net.minecraftforge.fml.common.launcher.FMLTweaker
[17:10:30] [main/INFO] [LaunchWrapper]: Loading tweak class name net.minecraftforge.gradle.tweakers.CoremodTweaker
[17:10:30] [main/INFO] [LaunchWrapper]: Calling tweak class net.minecraftforge.fml.common.launcher.FMLTweaker
