[17:10:23] [Client thread/INFO]: Setting user: Player780
[17:10:28] [Client thread/WARN]: Skipping bad option: lastServer:
[17:10:28] [Client thread/INFO]: LWJGL Version: 2.9.2
[17:10:31] [Client thread/INFO]: Reloading ResourceManager: Default, FMLFileResourcePack:Forge Mod Loader, FMLFileResourcePack:Minecraft Forge, FMLFileResourcePack:Teaching Keystage 2 Via Minecraft
[17:10:34] [Sound Library Loader/INFO]: Starting up SoundSystem...
[17:10:34] [Thread-6/INFO]: Initializing LWJGL OpenAL
[17:10:34] [Thread-6/INFO]: (The LWJGL binding of OpenAL.  For more information, see http://www.lwjgl.org)
[17:10:34] [Thread-6/INFO]: OpenAL initialized.
[17:10:35] [Sound Library Loader/INFO]: Sound engine started
[17:10:38] [Client thread/INFO]: Created: 16x16 textures-atlas
[17:10:38] [Client thread/INFO]: Reloading ResourceManager: Default, FMLFileResourcePack:Forge Mod Loader, FMLFileResourcePack:Minecraft Forge, FMLFileResourcePack:Teaching Keystage 2 Via Minecraft
[17:10:40] [Client thread/INFO]: SoundSystem shutting down...
[17:10:40] [Client thread/WARN]: Author: Paul Lamb, www.paulscode.com
[17:10:40] [Sound Library Loader/INFO]: Starting up SoundSystem...
[17:10:40] [Thread-8/INFO]: Initializing LWJGL OpenAL
[17:10:40] [Thread-8/INFO]: (The LWJGL binding of OpenAL.  For more information, see http://www.lwjgl.org)
[17:10:40] [Thread-8/INFO]: OpenAL initialized.
[17:10:41] [Sound Library Loader/INFO]: Sound engine started
[17:10:43] [Client thread/INFO]: Created: 512x512 textures-atlas
[17:10:44] [Client thread/WARN]: Skipping bad option: lastServer:
[17:10:45] [Realms Notification Availability checker #1/INFO]: Could not authorize you against Realms server: Invalid session id
[17:10:50] [Server thread/INFO]: Starting integrated minecraft server version 1.11.2
[17:10:50] [Server thread/INFO]: Generating keypair
[17:10:51] [Server thread/INFO]: Preparing start region for level 0
[17:10:52] [Server thread/INFO]: Preparing spawn area: 91%
[17:10:52] [Server thread/INFO]: Changing view distance to 12, from 10
[17:10:53] [Server thread/INFO]: Player780[local:E:fd671006] logged in with entity id 121 at (171.14152250584394, 4.0, 583.0836518823858)
[17:10:53] [Server thread/INFO]: Player780 joined the game
[17:10:53] [Server thread/INFO]: [STDOUT]: Player Joined Called
[17:10:55] [Client thread/INFO]: [CHAT] §aThank you, Player780, for downloading my KS2 MOD!
[17:10:55] [Server thread/INFO]: Saving and pausing game...
[17:10:55] [Server thread/INFO]: Saving chunks for level 'Test World'/Overworld
[17:10:55] [Server thread/INFO]: Saving chunks for level 'Test World'/Nether
[17:10:55] [Server thread/INFO]: Saving chunks for level 'Test World'/The End
[17:10:55] [pool-2-thread-1/WARN]: Couldn't look up profile properties for com.mojang.authlib.GameProfile@1ae05f43[id=6dc954f4-181a-3c6c-99e2-951f7202b4c5,name=Player780,properties={},legacy=false]
com.mojang.authlib.exceptions.AuthenticationException: The client has sent too many requests within a certain amount of time
	at com.mojang.authlib.yggdrasil.YggdrasilAuthenticationService.makeRequest(YggdrasilAuthenticationService.java:79) ~[YggdrasilAuthenticationService.class:?]
	at com.mojang.authlib.yggdrasil.YggdrasilMinecraftSessionService.fillGameProfile(YggdrasilMinecraftSessionService.java:180) [YggdrasilMinecraftSessionService.class:?]
	at com.mojang.authlib.yggdrasil.YggdrasilMinecraftSessionService$1.load(YggdrasilMinecraftSessionService.java:60) [YggdrasilMinecraftSessionService$1.class:?]
	at com.mojang.authlib.yggdrasil.YggdrasilMinecraftSessionService$1.load(YggdrasilMinecraftSessionService.java:57) [YggdrasilMinecraftSessionService$1.class:?]
	at com.google.common.cache.LocalCache$LoadingValueReference.loadFuture(LocalCache.java:3524) [guava-17.0.jar:?]
	at com.google.common.cache.LocalCache$Segment.loadSync(LocalCache.java:2317) [guava-17.0.jar:?]
	at com.google.common.cache.LocalCache$Segment.lockedGetOrLoad(LocalCache.java:2280) [guava-17.0.jar:?]
	at com.google.common.cache.LocalCache$Segment.get(LocalCache.java:2195) [guava-17.0.jar:?]
	at com.google.common.cache.LocalCache.get(LocalCache.java:3934) [guava-17.0.jar:?]
	at com.google.common.cache.LocalCache.getOrLoad(LocalCache.java:3938) [guava-17.0.jar:?]
	at com.google.common.cache.LocalCache$LocalLoadingCache.get(LocalCache.java:4821) [guava-17.0.jar:?]
	at com.google.common.cache.LocalCache$LocalLoadingCache.getUnchecked(LocalCache.java:4827) [guava-17.0.jar:?]
	at com.mojang.authlib.yggdrasil.YggdrasilMinecraftSessionService.fillProfileProperties(YggdrasilMinecraftSessionService.java:170) [YggdrasilMinecraftSessionService.class:?]
	at net.minecraft.client.Minecraft.getProfileProperties(Minecraft.java:3056) [Minecraft.class:?]
	at net.minecraft.client.resources.SkinManager$3.run(SkinManager.java:138) [SkinManager$3.class:?]
	at java.util.concurrent.Executors$RunnableAdapter.call(Executors.java:511) [?:1.8.0_121]
	at java.util.concurrent.FutureTask.run(FutureTask.java:266) [?:1.8.0_121]
	at java.util.concurrent.ThreadPoolExecutor.runWorker(ThreadPoolExecutor.java:1142) [?:1.8.0_121]
	at java.util.concurrent.ThreadPoolExecutor$Worker.run(ThreadPoolExecutor.java:617) [?:1.8.0_121]
	at java.lang.Thread.run(Thread.java:745) [?:1.8.0_121]
[17:11:16] [Server thread/INFO]: [STDOUT]: ***************** [Random Answer: 8 ] *****************
[17:11:16] [Server thread/INFO]: [STDOUT]: ***************** [Player Answer: 0 ] *****************
[17:11:16] [Server thread/INFO]: [STDOUT]: ***************** [No Answer or Incorrect] *****************
[17:11:16] [Client thread/INFO]: [CHAT] §6M§6a§6t§6h§6s§6 §6Q§6u§6e§6s§6t§6i§6o§6n§0
[17:11:16] [Server thread/INFO]: Saving and pausing game...
[17:11:16] [Server thread/INFO]: Saving chunks for level 'Test World'/Overworld
[17:11:16] [Server thread/INFO]: Saving chunks for level 'Test World'/Nether
[17:11:17] [Server thread/INFO]: Saving chunks for level 'Test World'/The End
[17:11:19] [Client thread/INFO]: [STDOUT]: ***************** [Random Answer: 8 ] *****************
[17:11:19] [Client thread/INFO]: [STDOUT]: ***************** [Player Answer: 0 ] *****************
[17:11:19] [Client thread/INFO]: [STDOUT]: ***************** [No Answer or Incorrect] *****************
[17:11:20] [Client thread/INFO]: [CHAT] §6M§6a§6t§6h§6s§6 §6Q§6u§6e§6s§6t§6i§6o§6n§0
[17:11:20] [Server thread/INFO]: [STDOUT]: ***************** [Random Answer: 10 ] *****************
[17:11:20] [Server thread/INFO]: [STDOUT]: ***************** [Player Answer: 0 ] *****************
[17:11:20] [Server thread/INFO]: [STDOUT]: ***************** [No Answer or Incorrect] *****************
[17:11:20] [Server thread/INFO]: Saving and pausing game...
[17:11:20] [Server thread/INFO]: Saving chunks for level 'Test World'/Overworld
[17:11:20] [Server thread/INFO]: Saving chunks for level 'Test World'/Nether
[17:11:20] [Server thread/INFO]: Saving chunks for level 'Test World'/The End
[17:11:20] [Client thread/INFO]: [STDOUT]: ***************** [Random Answer: 10 ] *****************
[17:11:20] [Client thread/INFO]: [STDOUT]: ***************** [Player Answer: 0 ] *****************
[17:11:20] [Client thread/INFO]: [STDOUT]: ***************** [No Answer or Incorrect] *****************
[17:11:21] [Server thread/INFO]: [STDOUT]: ***************** [Random Answer: 5 ] *****************
[17:11:21] [Client thread/INFO]: [CHAT] §6M§6a§6t§6h§6s§6 §6Q§6u§ee§fs§et§6i§6o§6n§0
[17:11:21] [Server thread/INFO]: [STDOUT]: ***************** [Player Answer: 0 ] *****************
[17:11:21] [Server thread/INFO]: [STDOUT]: ***************** [No Answer or Incorrect] *****************
[17:11:21] [Server thread/INFO]: Saving and pausing game...
[17:11:21] [Server thread/INFO]: Saving chunks for level 'Test World'/Overworld
[17:11:21] [Server thread/INFO]: Saving chunks for level 'Test World'/Nether
[17:11:21] [Server thread/INFO]: Saving chunks for level 'Test World'/The End
[17:11:22] [Client thread/INFO]: [STDOUT]: ***************** [Random Answer: 5 ] *****************
[17:11:22] [Client thread/INFO]: [STDOUT]: ***************** [Player Answer: 0 ] *****************
[17:11:22] [Client thread/INFO]: [STDOUT]: ***************** [No Answer or Incorrect] *****************
[17:11:25] [Server thread/INFO]: [STDOUT]: ***************** [Random Answer: 4 ] *****************
[17:11:25] [Client thread/INFO]: [CHAT] §6M§6a§6t§6h§6s§6 §6Q§6u§6e§6s§6t§6i§6o§6n§0
[17:11:25] [Server thread/INFO]: [STDOUT]: ***************** [Player Answer: 0 ] *****************
[17:11:25] [Server thread/INFO]: [STDOUT]: ***************** [No Answer or Incorrect] *****************
[17:11:25] [Server thread/INFO]: Saving and pausing game...
[17:11:25] [Server thread/INFO]: Saving chunks for level 'Test World'/Overworld
[17:11:25] [Server thread/INFO]: Saving chunks for level 'Test World'/Nether
[17:11:25] [Server thread/INFO]: Saving chunks for level 'Test World'/The End
[17:11:25] [Client thread/INFO]: [STDOUT]: ***************** [Random Answer: 4 ] *****************
[17:11:25] [Client thread/INFO]: [STDOUT]: ***************** [Player Answer: 0 ] *****************
[17:11:25] [Client thread/INFO]: [STDOUT]: ***************** [No Answer or Incorrect] *****************
[17:11:27] [Client thread/INFO]: [CHAT] §6M§6a§6t§6h§6s§6 §6Q§6u§6e§6s§6t§6i§6o§6n§0
[17:11:27] [Server thread/INFO]: [STDOUT]: ***************** [Random Answer: 8 ] *****************
[17:11:27] [Server thread/INFO]: [STDOUT]: ***************** [Player Answer: 0 ] *****************
[17:11:27] [Server thread/INFO]: [STDOUT]: ***************** [No Answer or Incorrect] *****************
[17:11:27] [Server thread/INFO]: Saving and pausing game...
[17:11:27] [Server thread/INFO]: Saving chunks for level 'Test World'/Overworld
[17:11:27] [Server thread/INFO]: Saving chunks for level 'Test World'/Nether
[17:11:27] [Server thread/INFO]: Saving chunks for level 'Test World'/The End
[17:11:28] [Client thread/INFO]: [STDOUT]: ***************** [Random Answer: 8 ] *****************
[17:11:28] [Client thread/INFO]: [STDOUT]: ***************** [Player Answer: 0 ] *****************
[17:11:28] [Client thread/INFO]: [STDOUT]: ***************** [No Answer or Incorrect] *****************
[17:11:34] [Server thread/INFO]: [STDOUT]: Item picked up! EVENT MESSAGE
[17:11:34] [Server thread/INFO]: Player780 has just earned the achievement [New Ingot]
[17:11:34] [Client thread/INFO]: [CHAT] Player780 has just earned the achievement [New Ingot]
[17:11:36] [Server thread/INFO]: [STDOUT]: Item picked up! EVENT MESSAGE
[17:11:36] [Server thread/INFO]: [STDOUT]: Item picked up! EVENT MESSAGE
[17:11:37] [Server thread/INFO]: [STDOUT]: Item picked up! EVENT MESSAGE
[17:11:48] [Client thread/INFO]: [CHAT] §6M§6a§6t§6h§6s§6 §6Q§6u§6e§6s§6t§6i§6o§6n§0
[17:11:48] [Server thread/INFO]: [STDOUT]: ***************** [Random Answer: 4 ] *****************
[17:11:48] [Server thread/INFO]: [STDOUT]: ***************** [Player Answer: 0 ] *****************
[17:11:48] [Server thread/INFO]: [STDOUT]: ***************** [No Answer or Incorrect] *****************
[17:11:48] [Server thread/INFO]: Saving and pausing game...
[17:11:48] [Server thread/INFO]: Saving chunks for level 'Test World'/Overworld
[17:11:48] [Server thread/INFO]: Saving chunks for level 'Test World'/Nether
[17:11:48] [Server thread/INFO]: Saving chunks for level 'Test World'/The End
[17:11:49] [Client thread/INFO]: [STDOUT]: ***************** [Random Answer: 4 ] *****************
[17:11:49] [Client thread/INFO]: [STDOUT]: ***************** [Player Answer: 0 ] *****************
[17:11:49] [Client thread/INFO]: [STDOUT]: ***************** [No Answer or Incorrect] *****************
[17:11:51] [Server thread/INFO]: [STDOUT]: ***************** [Random Answer: 5 ] *****************
[17:11:51] [Client thread/INFO]: [CHAT] §6M§6a§6t§6h§6s§6 §6Q§6u§6e§6s§6t§6i§6o§6n§0
[17:11:51] [Server thread/INFO]: [STDOUT]: ***************** [Player Answer: 0 ] *****************
[17:11:51] [Server thread/INFO]: [STDOUT]: ***************** [No Answer or Incorrect] *****************
[17:11:51] [Server thread/INFO]: Saving and pausing game...
[17:11:51] [Server thread/INFO]: Saving chunks for level 'Test World'/Overworld
[17:11:51] [Server thread/INFO]: Saving chunks for level 'Test World'/Nether
[17:11:51] [Server thread/INFO]: Saving chunks for level 'Test World'/The End
[17:11:53] [Client thread/INFO]: [STDOUT]: ***************** [Random Answer: 5 ] *****************
[17:11:53] [Client thread/INFO]: [STDOUT]: ***************** [Player Answer: 0 ] *****************
[17:11:53] [Client thread/INFO]: [STDOUT]: ***************** [No Answer or Incorrect] *****************
[17:11:55] [Client thread/INFO]: [STDOUT]: ***************** [Random Answer: 5 ] *****************
[17:11:55] [Client thread/INFO]: [STDOUT]: ***************** [Player Answer: 0 ] *****************
[17:11:55] [Client thread/INFO]: [STDOUT]: ***************** [No Answer or Incorrect] *****************
[17:11:56] [Client thread/INFO]: [STDOUT]: ***************** [Random Answer: 5 ] *****************
[17:11:56] [Client thread/INFO]: [STDOUT]: ***************** [Player Answer: 5 ] *****************
[17:11:56] [Client thread/INFO]: [STDOUT]: ON EVENT HAS BEEN CALLED!
[17:11:56] [Client thread/INFO]: [STDOUT]: ***************** [Random Answer: 5 ] *****************
[17:11:56] [Client thread/INFO]: [STDOUT]: ***************** [Player Answer: 5 ] *****************
[17:11:56] [Client thread/INFO]: [STDOUT]: ON EVENT HAS BEEN CALLED!
[17:11:57] [Client thread/INFO]: [STDOUT]: ***************** [Random Answer: 5 ] *****************
[17:11:57] [Client thread/INFO]: [STDOUT]: ***************** [Player Answer: 5 ] *****************
[17:11:57] [Client thread/INFO]: [STDOUT]: ON EVENT HAS BEEN CALLED!
[17:11:57] [Client thread/INFO]: [CHAT] Correct Answer! Heres your block
[17:11:57] [Client thread/INFO]: [STDOUT]: ***************** [Random Answer: 5 ] *****************
[17:11:57] [Client thread/INFO]: [STDOUT]: ***************** [Player Answer: 5 ] *****************
[17:11:57] [Client thread/INFO]: [STDOUT]: ON EVENT HAS BEEN CALLED!
[17:11:57] [Netty Server IO #1/INFO]: [STDOUT]: Maths message recieved
[17:11:57] [Netty Server IO #1/INFO]: [STDOUT]: ******************  3  ******************
[17:11:57] [Netty Server IO #1/INFO]: [STDOUT]: ******************  3  ******************
[17:11:57] [Client thread/INFO]: [CHAT] *Player Given a Rusty Paint Brush*
[17:12:04] [Server thread/INFO]: Player780 has just earned the achievement [Painter]
[17:12:04] [Client thread/INFO]: [CHAT] Player780 has just earned the achievement [Painter]
[17:12:13] [Server thread/INFO]: [STDOUT]: Item picked up! EVENT MESSAGE
[17:12:21] [Server thread/INFO]: Saving and pausing game...
[17:12:21] [Server thread/INFO]: Saving chunks for level 'Test World'/Overworld
[17:12:21] [Server thread/INFO]: Saving chunks for level 'Test World'/Nether
[17:12:21] [Server thread/INFO]: Saving chunks for level 'Test World'/The End
[17:12:31] [Server thread/INFO]: Stopping server
[17:12:31] [Server thread/INFO]: Saving players
[17:12:31] [Server thread/INFO]: Player780 lost connection: TextComponent{text='Disconnected', siblings=[], style=Style{hasParent=false, color=null, bold=null, italic=null, underlined=null, obfuscated=null, clickEvent=null, hoverEvent=null, insertion=null}}
[17:12:31] [Server thread/INFO]: Player780 left the game
[17:12:31] [Server thread/INFO]: Stopping singleplayer server as player logged out
[17:12:31] [Server thread/INFO]: Saving worlds
[17:12:31] [Server thread/INFO]: Saving chunks for level 'Test World'/Overworld
[17:12:31] [Server thread/INFO]: Saving chunks for level 'Test World'/Nether
[17:12:31] [Server thread/INFO]: Saving chunks for level 'Test World'/The End
[17:12:37] [Server thread/INFO]: Starting integrated minecraft server version 1.11.2
[17:12:37] [Server thread/INFO]: Generating keypair
[17:12:42] [Server thread/INFO]: Preparing start region for level 0
[17:12:43] [Server thread/INFO]: Preparing spawn area: 41%
[17:12:43] [Server thread/INFO]: Changing view distance to 12, from 10
[17:12:43] [Server thread/INFO]: Player780[local:E:0248a1a7] logged in with entity id 292742 at (-142.24130748786362, 63.0, -55.26003131070285)
[17:12:43] [Server thread/INFO]: Player780 joined the game
[17:12:43] [Server thread/INFO]: [STDOUT]: Player Joined Called
[17:12:45] [Server thread/INFO]: Saving and pausing game...
[17:12:45] [Client thread/INFO]: [CHAT] §aThank you, Player780, for downloading my KS2 MOD!
[17:12:45] [Server thread/INFO]: Saving chunks for level 'Maw79 Mod MCedit V3'/Overworld
[17:12:45] [Server thread/INFO]: Saving chunks for level 'Maw79 Mod MCedit V3'/Nether
[17:12:45] [Server thread/INFO]: Saving chunks for level 'Maw79 Mod MCedit V3'/The End
[17:16:23] [Server thread/INFO]: Saving and pausing game...
[17:16:23] [Server thread/INFO]: Saving chunks for level 'Maw79 Mod MCedit V3'/Overworld
[17:16:23] [Server thread/INFO]: Saving chunks for level 'Maw79 Mod MCedit V3'/Nether
[17:16:23] [Server thread/INFO]: Saving chunks for level 'Maw79 Mod MCedit V3'/The End
[17:16:27] [Server thread/INFO]: Player780 has just earned the achievement [Taking Inventory]
[17:16:27] [Client thread/INFO]: [CHAT] Player780 has just earned the achievement [Taking Inventory]
[17:16:53] [Server thread/INFO]: [STDOUT]: Item picked up! EVENT MESSAGE
[17:16:53] [Server thread/INFO]: Player780 has just earned the achievement [New Ingot]
[17:16:53] [Client thread/INFO]: [CHAT] Player780 has just earned the achievement [New Ingot]
[17:16:55] [Server thread/INFO]: [STDOUT]: Item picked up! EVENT MESSAGE
[17:17:50] [Server thread/INFO]: Saving and pausing game...
[17:17:50] [Server thread/INFO]: Saving chunks for level 'Maw79 Mod MCedit V3'/Overworld
[17:17:50] [Server thread/INFO]: Saving chunks for level 'Maw79 Mod MCedit V3'/Nether
[17:17:50] [Server thread/INFO]: Saving chunks for level 'Maw79 Mod MCedit V3'/The End
[17:26:34] [Server thread/INFO]: Stopping server
[17:26:34] [Server thread/INFO]: Saving players
[17:26:34] [Server thread/INFO]: Player780 lost connection: TextComponent{text='Disconnected', siblings=[], style=Style{hasParent=false, color=null, bold=null, italic=null, underlined=null, obfuscated=null, clickEvent=null, hoverEvent=null, insertion=null}}
[17:26:34] [Server thread/INFO]: Player780 left the game
[17:26:34] [Server thread/INFO]: Stopping singleplayer server as player logged out
[17:26:34] [Server thread/INFO]: Saving worlds
[17:26:34] [Server thread/INFO]: Saving chunks for level 'Maw79 Mod MCedit V3'/Overworld
[17:26:34] [Server thread/INFO]: Saving chunks for level 'Maw79 Mod MCedit V3'/Nether
[17:26:34] [Server thread/INFO]: Saving chunks for level 'Maw79 Mod MCedit V3'/The End
[17:26:37] [Client thread/INFO]: Stopping!
[17:26:37] [Client thread/INFO]: SoundSystem shutting down...
[17:26:37] [Client thread/WARN]: Author: Paul Lamb, www.paulscode.com
